PicturePuzzle/app/build/outputs/logs/manifest-merger-debug-report.txt
-- Merging decision tree log ---
manifest
ADDED from src/main/AndroidManifest.xml:3:1-24:12
	package
		ADDED from src/main/AndroidManifest.xml:5:4-31
		INJECTED from src/main/AndroidManifest.xml
		INJECTED from src/main/AndroidManifest.xml
	android:versionName
		ADDED from src/main/AndroidManifest.xml:7:4-31
		INJECTED from src/main/AndroidManifest.xml
		INJECTED from src/main/AndroidManifest.xml
	android:versionCode
		ADDED from src/main/AndroidManifest.xml:6:4-27
		INJECTED from src/main/AndroidManifest.xml
		INJECTED from src/main/AndroidManifest.xml
	xmlns:android
		ADDED from src/main/AndroidManifest.xml:4:4-62
application
ADDED from src/main/AndroidManifest.xml:8:3-22:17
	android:label
		ADDED from src/main/AndroidManifest.xml:10:6-38
	android:icon
		ADDED from src/main/AndroidManifest.xml:9:6-35
activity#jp.hews.picpuzzle.PicturePuzzle
ADDED from src/main/AndroidManifest.xml:12:5-21:16
	android:screenOrientation
		ADDED from src/main/AndroidManifest.xml:15:8-44
	android:label
		ADDED from src/main/AndroidManifest.xml:14:8-40
	android:configChanges
		ADDED from src/main/AndroidManifest.xml:16:8-67
	android:name
		ADDED from src/main/AndroidManifest.xml:13:8-36
intent-filter#android.intent.action.MAIN+android.intent.category.LAUNCHER
ADDED from src/main/AndroidManifest.xml:17:7-20:23
action#android.intent.action.MAIN
ADDED from src/main/AndroidManifest.xml:18:9-61
	android:name
		ADDED from src/main/AndroidManifest.xml:18:17-58
category#android.intent.category.LAUNCHER
ADDED from src/main/AndroidManifest.xml:19:9-69
	android:name
		ADDED from src/main/AndroidManifest.xml:19:19-66
uses-sdk
ADDED from src/main/AndroidManifest.xml:23:1-48
	android:targetSdkVersion
		INJECTED from src/main/AndroidManifest.xml
		INJECTED from src/main/AndroidManifest.xml
	android:minSdkVersion
		ADDED from src/main/AndroidManifest.xml:23:11-36
		INJECTED from src/main/AndroidManifest.xml
		INJECTED from src/main/AndroidManifest.xml